
> codetrack@0.1.0 build
> next build

Î“Ă»â–“ Next.js 16.1.6 (Turbopack)
- Environments: .env

  Creating an optimized production build ...
Î“ÂŁĂ´ Compiled successfully in 1766.5ms
  Running TypeScript ...
  Collecting page data using 15 workers ...
  Generating static pages using 15 workers (0/19) ...
  Generating static pages using 15 workers (4/19) 
  Generating static pages using 15 workers (9/19) 
  Generating static pages using 15 workers (14/19) 
Î“ÂŁĂ´ Generating static pages using 15 workers (19/19) in 525.0ms
  Finalizing page optimization ...

Route (app)
Î“Ă¶Ă® Î“ĂąĂŻ /
Î“Ă¶ÂŁ Î“ĂąĂŻ /_not-found
Î“Ă¶ÂŁ Î“ĂąĂŻ /admin
Î“Ă¶ÂŁ â•žĂ† /api/auth/[...nextauth]
Î“Ă¶ÂŁ â•žĂ† /api/auth/register
Î“Ă¶ÂŁ â•žĂ† /api/contests
Î“Ă¶ÂŁ â•žĂ† /api/contests/[id]
Î“Ă¶ÂŁ â•žĂ† /api/contests/[id]/leaderboard
Î“Ă¶ÂŁ â•žĂ† /api/contests/[id]/register
Î“Ă¶ÂŁ â•žĂ† /api/leaderboard
Î“Ă¶ÂŁ â•žĂ† /api/problems
Î“Ă¶ÂŁ â•žĂ† /api/problems/[id]
Î“Ă¶ÂŁ â•žĂ† /api/stats
Î“Ă¶ÂŁ â•žĂ† /api/submissions
Î“Ă¶ÂŁ â•žĂ† /api/topics
Î“Ă¶ÂŁ â•žĂ† /api/users/[id]
Î“Ă¶ÂŁ Î“ĂąĂŻ /contests
Î“Ă¶ÂŁ â•žĂ† /contests/[id]
Î“Ă¶ÂŁ Î“ĂąĂŻ /dashboard
Î“Ă¶ÂŁ Î“ĂąĂŻ /leaderboard
Î“Ă¶ÂŁ Î“ĂąĂŻ /login
Î“Ă¶ÂŁ Î“ĂąĂŻ /problems
Î“Ă¶ÂŁ â•žĂ† /problems/[id]
Î“Ă¶ÂŁ Î“ĂąĂŻ /profile
Î“Ă¶Ă¶ Î“ĂąĂŻ /register


Î“ĂąĂŻ  (Static)   prerendered as static content
â•žĂ†  (Dynamic)  server-rendered on demand

